# JRE version: OpenJDK Runtime Environment (17.0.11) (build 17.0.11+0--11852314)
# Java VM: OpenJDK 64-Bit Server VM (17.0.11+0--11852314, mixed mode, tiered, compressed oops, compressed class ptrs, g1 gc, windows-amd64)
GC Precious Log:
 CPUs: 8 total, 8 available
 Memory: 24416M
 Large Page Support: Disabled
 NUMA Support: Disabled
 Compressed Oops: Enabled (32-bit)
 Heap Region Size: 1M
 Heap Min Capacity: 8M
 Heap Initial Capacity: 382M
 Heap Max Capacity: 2G
 Pre-touch: Disabled
 Parallel Workers: 8
 Concurrent Workers: 2
 Concurrent Refinement Workers: 8
 Periodic GC: Disabled
Heap:
 garbage-first heap   total 410624K, used 212393K [0x0000000080000000, 0x0000000100000000)
  region size 1024K, 4 young (4096K), 4 survivors (4096K)
 Metaspace       used 181989K, committed 183872K, reserved 1245184K
  class space    used 24549K, committed 25472K, reserved 1048576K
GC Heap History (20 events):
Event: 13076.365 GC heap after
{Heap after GC invocations=92 (full 0):
 garbage-first heap   total 410624K, used 184484K [0x0000000080000000, 0x0000000100000000)
  region size 1024K, 2 young (2048K), 2 survivors (2048K)
 Metaspace       used 180545K, committed 182336K, reserved 1245184K
  class space    used 24514K, committed 25408K, reserved 1048576K
}
Event: 13283.240 GC heap before
{Heap before GC invocations=92 (full 0):
 garbage-first heap   total 410624K, used 299172K [0x0000000080000000, 0x0000000100000000)
  region size 1024K, 116 young (118784K), 2 survivors (2048K)
 Metaspace       used 180750K, committed 182528K, reserved 1245184K
  class space    used 24527K, committed 25408K, reserved 1048576K
}
Event: 13283.250 GC heap after
{Heap after GC invocations=93 (full 0):
 garbage-first heap   total 410624K, used 195301K [0x0000000080000000, 0x0000000100000000)
  region size 1024K, 13 young (13312K), 13 survivors (13312K)
 Metaspace       used 180750K, committed 182528K, reserved 1245184K
  class space    used 24527K, committed 25408K, reserved 1048576K
}
Event: 13285.649 GC heap before
{Heap before GC invocations=94 (full 0):
 garbage-first heap   total 410624K, used 352997K [0x0000000080000000, 0x0000000100000000)
  region size 1024K, 149 young (152576K), 13 survivors (13312K)
 Metaspace       used 181086K, committed 182976K, reserved 1245184K
  class space    used 24541K, committed 25472K, reserved 1048576K
}
Event: 13285.668 GC heap after
{Heap after GC invocations=95 (full 0):
 garbage-first heap   total 410624K, used 203632K [0x0000000080000000, 0x0000000100000000)
  region size 1024K, 9 young (9216K), 9 survivors (9216K)
 Metaspace       used 181086K, committed 182976K, reserved 1245184K
  class space    used 24541K, committed 25472K, reserved 1048576K
}
Event: 13285.717 GC heap before
{Heap before GC invocations=95 (full 0):
 garbage-first heap   total 410624K, used 213872K [0x0000000080000000, 0x0000000100000000)
  region size 1024K, 20 young (20480K), 9 survivors (9216K)
 Metaspace       used 181115K, committed 182976K, reserved 1245184K
  class space    used 24541K, committed 25472K, reserved 1048576K
}
Event: 13285.734 GC heap after
{Heap after GC invocations=96 (full 0):
 garbage-first heap   total 410624K, used 201309K [0x0000000080000000, 0x0000000100000000)
  region size 1024K, 2 young (2048K), 2 survivors (2048K)
 Metaspace       used 181115K, committed 182976K, reserved 1245184K
  class space    used 24541K, committed 25472K, reserved 1048576K
}
Event: 13286.268 GC heap before
{Heap before GC invocations=96 (full 0):
 garbage-first heap   total 410624K, used 241245K [0x0000000080000000, 0x0000000100000000)
  region size 1024K, 43 young (44032K), 2 survivors (2048K)
 Metaspace       used 181240K, committed 183168K, reserved 1245184K
  class space    used 24541K, committed 25472K, reserved 1048576K
}
Event: 13286.274 GC heap after
{Heap after GC invocations=97 (full 0):
 garbage-first heap   total 410624K, used 205425K [0x0000000080000000, 0x0000000100000000)
  region size 1024K, 6 young (6144K), 6 survivors (6144K)
 Metaspace       used 181240K, committed 183168K, reserved 1245184K
  class space    used 24541K, committed 25472K, reserved 1048576K
}
Event: 13287.976 GC heap before
{Heap before GC invocations=98 (full 0):
 garbage-first heap   total 410624K, used 339569K [0x0000000080000000, 0x0000000100000000)
  region size 1024K, 138 young (141312K), 6 survivors (6144K)
 Metaspace       used 181427K, committed 183296K, reserved 1245184K
  class space    used 24542K, committed 25472K, reserved 1048576K
}
Event: 13287.990 GC heap after
{Heap after GC invocations=99 (full 0):
 garbage-first heap   total 410624K, used 216202K [0x0000000080000000, 0x0000000100000000)
  region size 1024K, 18 young (18432K), 18 survivors (18432K)
 Metaspace       used 181427K, committed 183296K, reserved 1245184K
  class space    used 24542K, committed 25472K, reserved 1048576K
}
Event: 13288.000 GC heap before
{Heap before GC invocations=99 (full 0):
 garbage-first heap   total 410624K, used 218250K [0x0000000080000000, 0x0000000100000000)
  region size 1024K, 20 young (20480K), 18 survivors (18432K)
 Metaspace       used 181427K, committed 183296K, reserved 1245184K
  class space    used 24542K, committed 25472K, reserved 1048576K
}
Event: 13288.017 GC heap after
{Heap after GC invocations=100 (full 0):
 garbage-first heap   total 410624K, used 210931K [0x0000000080000000, 0x0000000100000000)
  region size 1024K, 2 young (2048K), 2 survivors (2048K)
 Metaspace       used 181427K, committed 183296K, reserved 1245184K
  class space    used 24542K, committed 25472K, reserved 1048576K
}
Event: 13288.434 GC heap before
{Heap before GC invocations=100 (full 0):
 garbage-first heap   total 410624K, used 248819K [0x0000000080000000, 0x0000000100000000)
  region size 1024K, 40 young (40960K), 2 survivors (2048K)
 Metaspace       used 181483K, committed 183360K, reserved 1245184K
  class space    used 24543K, committed 25472K, reserved 1048576K
}
Event: 13288.440 GC heap after
{Heap after GC invocations=101 (full 0):
 garbage-first heap   total 410624K, used 210389K [0x0000000080000000, 0x0000000100000000)
  region size 1024K, 2 young (2048K), 2 survivors (2048K)
 Metaspace       used 181483K, committed 183360K, reserved 1245184K
  class space    used 24543K, committed 25472K, reserved 1048576K
}
Event: 13289.204 GC heap before
{Heap before GC invocations=102 (full 0):
 garbage-first heap   total 410624K, used 342485K [0x0000000080000000, 0x0000000100000000)
  region size 1024K, 130 young (133120K), 2 survivors (2048K)
 Metaspace       used 181945K, committed 183808K, reserved 1245184K
  class space    used 24549K, committed 25472K, reserved 1048576K
}
Event: 13289.214 GC heap after
{Heap after GC invocations=103 (full 0):
 garbage-first heap   total 410624K, used 218016K [0x0000000080000000, 0x0000000100000000)
  region size 1024K, 9 young (9216K), 9 survivors (9216K)
 Metaspace       used 181945K, committed 183808K, reserved 1245184K
  class space    used 24549K, committed 25472K, reserved 1048576K
}
Event: 13289.249 GC heap before
{Heap before GC invocations=103 (full 0):
 garbage-first heap   total 410624K, used 229280K [0x0000000080000000, 0x0000000100000000)
  region size 1024K, 20 young (20480K), 9 survivors (9216K)
 Metaspace       used 181945K, committed 183808K, reserved 1245184K
  class space    used 24549K, committed 25472K, reserved 1048576K
}
Event: 13289.270 GC heap after
{Heap after GC invocations=104 (full 0):
 garbage-first heap   total 410624K, used 210621K [0x0000000080000000, 0x0000000100000000)
  region size 1024K, 2 young (2048K), 2 survivors (2048K)
 Metaspace       used 181945K, committed 183808K, reserved 1245184K
  class space    used 24549K, committed 25472K, reserved 1048576K
}
Event: 13289.453 GC heap before
{Heap before GC invocations=104 (full 0):
 garbage-first heap   total 410624K, used 266941K [0x0000000080000000, 0x0000000100000000)
  region size 1024K, 59 young (60416K), 2 survivors (2048K)
 Metaspace       used 181989K, committed 183872K, reserved 1245184K
  class space    used 24549K, committed 25472K, reserved 1048576K
}

